Arguments: 
  /usr/local/bin/node /Users/Admin/.cache/node/corepack/yarn/1.22.19/bin/yarn.js install

PATH: 
  /Users/Admin/.gem/ruby/3.1.2/bin:/Users/Admin/.rubies/ruby-3.1.2/lib/ruby/gems/3.1.0/bin:/Users/Admin/.rubies/ruby-3.1.2/bin:/Library/Frameworks/Python.framework/Versions/3.11/bin:/Library/Frameworks/Python.framework/Versions/3.10/bin:/Library/Frameworks/Python.framework/Versions/3.8/bin:/usr/local/bin:/usr/bin:/bin:/usr/sbin:/sbin:/usr/local/go/bin:/usr/local/share/dotnet:/usr/local/munki:~/.dotnet/tools:/Library/Apple/usr/bin:/Library/Frameworks/Mono.framework/Versions/Current/Commands:/Library/Frameworks/Python.framework/Versions/3.11/bin:/Library/Frameworks/Python.framework/Versions/3.10/bin:/Library/Frameworks/Python.framework/Versions/3.8/bin:/Users/Admin/.cargo/bin

Yarn version: 
  1.22.19

Node version: 
  18.16.0

Platform: 
  darwin x64

Trace: 
  Error: https://registry.yarnpkg.com/@fortawesome: Request "https://registry.yarnpkg.com/@fortawesome" returned a 405
      at params.callback [as _callback] (/Users/Admin/.cache/node/corepack/yarn/1.22.19/lib/cli.js:66154:18)
      at self.callback (/Users/Admin/.cache/node/corepack/yarn/1.22.19/lib/cli.js:140890:22)
      at Request.emit (node:events:513:28)
      at Request.<anonymous> (/Users/Admin/.cache/node/corepack/yarn/1.22.19/lib/cli.js:141862:10)
      at Request.emit (node:events:513:28)
      at IncomingMessage.<anonymous> (/Users/Admin/.cache/node/corepack/yarn/1.22.19/lib/cli.js:141784:12)
      at Object.onceWrapper (node:events:627:28)
      at IncomingMessage.emit (node:events:525:35)
      at endReadableNT (node:internal/streams/readable:1359:12)
      at process.processTicksAndRejections (node:internal/process/task_queues:82:21)

npm manifest: 
  {
    "private": true,
    "license": "MIT",
    "type": "module",
    "scripts": {
      "dev": "vite dev",
      "deploy": "vite build && touch build/.nojekyll && gh-pages -d build -t true"
    },
    "devDependencies": {
      "@sveltejs/adapter-static": "^1.0.0-next.48",
      "@sveltejs/kit": "1.0.0-next.535",
      "gh-pages": "^4.0.0",
      "svelte": "^3.52.0",
      "vite": "^3.2.2"
    },
    "dependencies": {
      "@fortawesome": "^0.0.1-security",
      "sass": "^1.62.1"
    }
  }

yarn manifest: 
  No manifest

Lockfile: 
  No lockfile
